[debug] [2022-11-19T17:52:28.081Z] ----------------------------------------------------------------------
[debug] [2022-11-19T17:52:28.085Z] Command:       C:\Program Files\nodejs\node.exe C:\Program Files\nodejs\node_modules\firebase-tools\lib\bin\firebase.js serve
[debug] [2022-11-19T17:52:28.086Z] CLI Version:   11.16.1
[debug] [2022-11-19T17:52:28.087Z] Platform:      win32
[debug] [2022-11-19T17:52:28.087Z] Node Version:  v16.18.0
[debug] [2022-11-19T17:52:28.089Z] Time:          Sat Nov 19 2022 12:52:28 GMT-0500 (hora estándar de Colombia)
[debug] [2022-11-19T17:52:28.090Z] ----------------------------------------------------------------------
[debug] 
[debug] [2022-11-19T17:52:28.301Z] > command requires scopes: ["email","openid","https://www.googleapis.com/auth/cloudplatformprojects.readonly","https://www.googleapis.com/auth/firebase","https://www.googleapis.com/auth/cloud-platform"]
[debug] [2022-11-19T17:52:28.303Z] > authorizing via signed-in user (bladyparra@gmail.com)
[debug] [2022-11-19T17:52:28.303Z] [iam] checking project firechat-a9469 for permissions ["firebase.projects.get"]
[debug] [2022-11-19T17:52:28.306Z] > refreshing access token with scopes: []
[debug] [2022-11-19T17:52:28.310Z] >>> [apiv2][query] POST https://www.googleapis.com/oauth2/v3/token [none]
[debug] [2022-11-19T17:52:28.310Z] >>> [apiv2][body] POST https://www.googleapis.com/oauth2/v3/token [omitted]
[debug] [2022-11-19T17:52:28.593Z] <<< [apiv2][status] POST https://www.googleapis.com/oauth2/v3/token 200
[debug] [2022-11-19T17:52:28.594Z] <<< [apiv2][body] POST https://www.googleapis.com/oauth2/v3/token [omitted]
[debug] [2022-11-19T17:52:28.608Z] >>> [apiv2][query] POST https://cloudresourcemanager.googleapis.com/v1/projects/firechat-a9469:testIamPermissions [none]
[debug] [2022-11-19T17:52:28.608Z] >>> [apiv2][(partial)header] POST https://cloudresourcemanager.googleapis.com/v1/projects/firechat-a9469:testIamPermissions x-goog-quota-user=projects/firechat-a9469
[debug] [2022-11-19T17:52:28.609Z] >>> [apiv2][body] POST https://cloudresourcemanager.googleapis.com/v1/projects/firechat-a9469:testIamPermissions {"permissions":["firebase.projects.get"]}
[debug] [2022-11-19T17:52:28.970Z] <<< [apiv2][status] POST https://cloudresourcemanager.googleapis.com/v1/projects/firechat-a9469:testIamPermissions 200
[debug] [2022-11-19T17:52:28.970Z] <<< [apiv2][body] POST https://cloudresourcemanager.googleapis.com/v1/projects/firechat-a9469:testIamPermissions {"permissions":["firebase.projects.get"]}
[debug] [2022-11-19T17:52:28.974Z] >>> [apiv2][query] GET https://firebase.googleapis.com/v1beta1/projects/firechat-a9469 [none]
[debug] [2022-11-19T17:52:29.385Z] <<< [apiv2][status] GET https://firebase.googleapis.com/v1beta1/projects/firechat-a9469 200
[debug] [2022-11-19T17:52:29.385Z] <<< [apiv2][body] GET https://firebase.googleapis.com/v1beta1/projects/firechat-a9469 {"projectId":"firechat-a9469","projectNumber":"653791023517","displayName":"fireChat","name":"projects/firechat-a9469","resources":{"hostingSite":"firechat-a9469","storageBucket":"firechat-a9469.appspot.com","locationId":"us-central"},"state":"ACTIVE","etag":"1_1bb25a2f-01d3-4f53-8e01-685cb4f9b913"}
[info] 
[info] === Serving from 'D:\Angular\fireChat'...
[info] 
[info] +  functions: Using node@16 from host. {"metadata":{"emulator":{"name":"functions"},"message":"Using node@16 from host."}}
[debug] [2022-11-19T17:52:29.462Z] defaultcredentials: writing to file C:\Users\blady\AppData\Roaming\firebase\bladyparra_gmail_com_application_default_credentials.json
[debug] [2022-11-19T17:52:29.466Z] Setting GAC to C:\Users\blady\AppData\Roaming\firebase\bladyparra_gmail_com_application_default_credentials.json {"metadata":{"emulator":{"name":"functions"},"message":"Setting GAC to C:\\Users\\blady\\AppData\\Roaming\\firebase\\bladyparra_gmail_com_application_default_credentials.json"}}
[debug] [2022-11-19T17:52:29.468Z] >>> [apiv2][query] GET https://firebase.googleapis.com/v1beta1/projects/firechat-a9469/adminSdkConfig [none]
[debug] [2022-11-19T17:52:29.863Z] <<< [apiv2][status] GET https://firebase.googleapis.com/v1beta1/projects/firechat-a9469/adminSdkConfig 200
[debug] [2022-11-19T17:52:29.863Z] <<< [apiv2][body] GET https://firebase.googleapis.com/v1beta1/projects/firechat-a9469/adminSdkConfig {"projectId":"firechat-a9469","storageBucket":"firechat-a9469.appspot.com","locationId":"us-central"}
[info] i  functions: Watching "D:\Angular\fireChat\functions" for Cloud Functions... {"metadata":{"emulator":{"name":"functions"},"message":"Watching \"D:\\Angular\\fireChat\\functions\" for Cloud Functions..."}}
[debug] [2022-11-19T17:52:29.934Z] Validating nodejs source
[warn] !  functions: package.json indicates an outdated version of firebase-functions. Please upgrade using npm install --save firebase-functions@latest in your functions directory. 
[warn] !  functions: Please note that there will be breaking changes when you upgrade. 
[debug] [2022-11-19T17:52:34.382Z] > [functions] package.json contents: {
  "name": "functions",
  "description": "Cloud Functions for Firebase",
  "scripts": {
    "lint": "eslint .",
    "serve": "firebase emulators:start --only functions",
    "shell": "firebase functions:shell",
    "start": "npm run shell",
    "deploy": "firebase deploy --only functions",
    "logs": "firebase functions:log"
  },
  "engines": {
    "node": "16"
  },
  "main": "index.js",
  "dependencies": {
    "firebase-admin": "^10.0.2",
    "firebase-functions": "^3.18.0"
  },
  "devDependencies": {
    "eslint": "^8.9.0",
    "eslint-config-google": "^0.14.0",
    "firebase-functions-test": "^0.2.0"
  },
  "private": true
}
[debug] [2022-11-19T17:52:34.382Z] Building nodejs source
[debug] [2022-11-19T17:52:34.382Z] Analyzing nodejs backend spec
[debug] [2022-11-19T17:52:34.385Z] Could not find functions.yaml. Must use http discovery
[debug] [2022-11-19T17:52:35.665Z] Serving at port 9005

[debug] [2022-11-19T17:52:36.010Z] Got response from /__/functions.yaml {"endpoints":{},"specVersion":"v1alpha1","requiredAPIs":[]}
[debug] [2022-11-19T17:52:36.031Z] shutdown requested via /__/quitquitquit

[info] +  functions: Loaded functions definitions from source: . {"metadata":{"emulator":{"name":"functions"},"message":"Loaded functions definitions from source: ."}}
